commit f818ffd31d95e36069cc5104f9e2e50c59fbdea5
Author: Nathan <nathan.boachie20@imperial.ac.uk>
Date:   Tue Feb 27 11:27:31 2024 +0000

    Any new changes

A	.vscode/c_cpp_properties.json
A	Doxyfile
A	Doxyfile.bak
M	LidDrivenCavity.cpp
M	LidDrivenCavity.h
M	LidDrivenCavitySolver.cpp
M	Makefile
M	SolverCG.cpp
M	SolverCG.h
A	html/LidDrivenCavity_8h_source.html
A	html/SolverCG_8h_source.html
A	html/annotated.html
A	html/bc_s.png
A	html/bdwn.png
A	html/classLidDrivenCavity-members.html
A	html/classLidDrivenCavity.html
A	html/classSolverCG-members.html
A	html/classSolverCG.html
A	html/classes.html
A	html/closed.png
A	html/doc.png
A	html/doxygen.css
A	html/doxygen.svg
A	html/dynsections.js
A	html/files.html
A	html/folderclosed.png
A	html/folderopen.png
A	html/functions.html
A	html/functions_func.html
A	html/graph_legend.html
A	html/graph_legend.md5
A	html/graph_legend.png
A	html/index.html
A	html/jquery.js
A	html/menu.js
A	html/menudata.js
A	html/nav_f.png
A	html/nav_g.png
A	html/nav_h.png
A	html/open.png
A	html/search/all_0.html
A	html/search/all_0.js
A	html/search/all_1.html
A	html/search/all_1.js
A	html/search/all_2.html
A	html/search/all_2.js
A	html/search/all_3.html
A	html/search/all_3.js
A	html/search/all_4.html
A	html/search/all_4.js
A	html/search/all_5.html
A	html/search/all_5.js
A	html/search/classes_0.html
A	html/search/classes_0.js
A	html/search/classes_1.html
A	html/search/classes_1.js
A	html/search/close.svg
A	html/search/functions_0.html
A	html/search/functions_0.js
A	html/search/functions_1.html
A	html/search/functions_1.js
A	html/search/functions_2.html
A	html/search/functions_2.js
A	html/search/functions_3.html
A	html/search/functions_3.js
A	html/search/functions_4.html
A	html/search/functions_4.js
A	html/search/functions_5.html
A	html/search/functions_5.js
A	html/search/mag_sel.svg
A	html/search/nomatches.html
A	html/search/search.css
A	html/search/search.js
A	html/search/search_l.png
A	html/search/search_m.png
A	html/search/search_r.png
A	html/search/searchdata.js
A	html/splitbar.png
A	html/sync_off.png
A	html/sync_on.png
A	html/tab_a.png
A	html/tab_b.png
A	html/tab_h.png
A	html/tab_s.png
A	html/tabs.css
A	latex/LidDrivenCavity_8h_source.tex
A	latex/Makefile
A	latex/SolverCG_8h_source.tex
A	latex/annotated.tex
A	latex/classLidDrivenCavity.tex
A	latex/classSolverCG.tex
A	latex/doxygen.sty
A	latex/files.tex
A	latex/longtable_doxygen.sty
A	latex/refman.tex
A	latex/tabu_doxygen.sty
A	ldc_test.cpp
M	repository.log
A	solvercg_test

commit bc4f1b2a315c36ed72be11b87e6694ed8fcba6dd
Author: Nathan <nathan.boachie20@imperial.ac.uk>
Date:   Sat Feb 24 16:47:57 2024 +0000

    Adding makefile, executable and files from solver

A	LidDrivenCavity.o
A	LidDrivenCavitySolver.o
A	Makefile
A	SolverCG.o
A	cmd_line.txt
A	final.txt
A	ic.txt
A	repository.log
A	solver

commit bfa1f055b46f24f12ebce9f54100dbbd1f06141f
Author: Nathan <nathan.boachie20@imperial.ac.uk>
Date:   Sat Feb 24 15:54:49 2024 +0000

    Initial code commit

A	LidDrivenCavity.cpp
A	LidDrivenCavity.h
A	LidDrivenCavitySolver.cpp
A	SolverCG.cpp
A	SolverCG.h
