### Start Wed Mar 20 11:37:41 2024
# /apps/dev-studio/12.6/bin/../bin/er_archive -n -O /home/nkb20/hpc_mpi/initial.er/_f1_x1.er/er_archive.log /home/nkb20/hpc_mpi/initial.er/_f1_x1.er
Copying `/usr/bin/orted'  to `/home/nkb20/hpc_mpi/initial.er/archives/orted_UHyILZt997d'
Copying `/usr/lib/x86_64-linux-gnu/libudev.so.1.7.5'  to `/home/nkb20/hpc_mpi/initial.er/archives/libudev.so.1.7.5_dnWuQRcLhw9'
Copying `/usr/lib/x86_64-linux-gnu/libm.so.6'  to `/home/nkb20/hpc_mpi/initial.er/archives/libm.so.6_dnWuQRcLhw9'
Copying `/usr/lib/x86_64-linux-gnu/libhwloc.so.15.6.1'  to `/home/nkb20/hpc_mpi/initial.er/archives/libhwloc.so.15.6.1_dnWuQRcLhw9'
Copying `/usr/lib/x86_64-linux-gnu/libopen-pal.so.40.30.2'  to `/home/nkb20/hpc_mpi/initial.er/archives/libopen-pal.so.40.30.2_dnWuQRcLhw9'
Copying `/usr/lib/x86_64-linux-gnu/libc.so.6'  to `/home/nkb20/hpc_mpi/initial.er/archives/libc.so.6_dnWuQRcLhw9'
Copying `/apps/dev-studio/12.6/lib/analyzer/amd64/runtime/libcollector.so'  to `/home/nkb20/hpc_mpi/initial.er/archives/libcollector.so_kN_xj2QRtH5'
Copying `/usr/lib/x86_64-linux-gnu/libevent_pthreads-2.1.so.7.0.1'  to `/home/nkb20/hpc_mpi/initial.er/archives/libevent_pthreads-2.1.so.7.0.1_dnWuQRcLhw9'
Copying `/usr/lib/x86_64-linux-gnu/libevent_core-2.1.so.7.0.1'  to `/home/nkb20/hpc_mpi/initial.er/archives/libevent_core-2.1.so.7.0.1_dnWuQRcLhw9'
Copying `/usr/lib/x86_64-linux-gnu/libz.so.1.2.13'  to `/home/nkb20/hpc_mpi/initial.er/archives/libz.so.1.2.13_dnWuQRcLhw9'
Copying `/usr/lib/x86_64-linux-gnu/librt.so.1'  to `/home/nkb20/hpc_mpi/initial.er/archives/librt.so.1_dnWuQRcLhw9'
Copying `/usr/lib/x86_64-linux-gnu/libpthread.so.0'  to `/home/nkb20/hpc_mpi/initial.er/archives/libpthread.so.0_dnWuQRcLhw9'
Copying `/usr/lib/x86_64-linux-gnu/libdl.so.2'  to `/home/nkb20/hpc_mpi/initial.er/archives/libdl.so.2_dnWuQRcLhw9'
Copying `/usr/lib/x86_64-linux-gnu/libopen-rte.so.40.30.2'  to `/home/nkb20/hpc_mpi/initial.er/archives/libopen-rte.so.40.30.2_dnWuQRcLhw9'
Copying `/usr/lib/x86_64-linux-gnu/ld-linux-x86-64.so.2'  to `/home/nkb20/hpc_mpi/initial.er/archives/ld-linux-x86-64.so.2_dnWuQRcLhw9'
Copying `/usr/lib/x86_64-linux-gnu/openmpi/lib/openmpi3/mca_shmem_sysv.so'  to `/home/nkb20/hpc_mpi/initial.er/archives/mca_shmem_sysv.so_1fcNkoDIWK0'
Copying `/usr/lib/x86_64-linux-gnu/openmpi/lib/openmpi3/mca_shmem_mmap.so'  to `/home/nkb20/hpc_mpi/initial.er/archives/mca_shmem_mmap.so_1fcNkoDIWK0'
Copying `/usr/lib/x86_64-linux-gnu/openmpi/lib/openmpi3/mca_shmem_posix.so'  to `/home/nkb20/hpc_mpi/initial.er/archives/mca_shmem_posix.so_1fcNkoDIWK0'
Copying `/usr/lib/x86_64-linux-gnu/libnl-3.so.200.26.0'  to `/home/nkb20/hpc_mpi/initial.er/archives/libnl-3.so.200.26.0_dnWuQRcLhw9'
Copying `/usr/lib/x86_64-linux-gnu/openmpi/lib/openmpi3/mca_reachable_weighted.so'  to `/home/nkb20/hpc_mpi/initial.er/archives/mca_reachable_weighted.so_1fcNkoDIWK0'
Copying `/usr/lib/x86_64-linux-gnu/openmpi/lib/openmpi3/mca_reachable_netlink.so'  to `/home/nkb20/hpc_mpi/initial.er/archives/mca_reachable_netlink.so_1fcNkoDIWK0'
Copying `/usr/lib/x86_64-linux-gnu/libXdmcp.so.6.0.0'  to `/home/nkb20/hpc_mpi/initial.er/archives/libXdmcp.so.6.0.0_dnWuQRcLhw9'
Copying `/usr/lib/x86_64-linux-gnu/libstdc++.so.6.0.30'  to `/home/nkb20/hpc_mpi/initial.er/archives/libstdc++.so.6.0.30_dnWuQRcLhw9'
Copying `/usr/lib/x86_64-linux-gnu/libbsd.so.0.11.7'  to `/home/nkb20/hpc_mpi/initial.er/archives/libbsd.so.0.11.7_dnWuQRcLhw9'
Copying `/usr/lib/x86_64-linux-gnu/libxcb.so.1.1.0'  to `/home/nkb20/hpc_mpi/initial.er/archives/libxcb.so.1.1.0_dnWuQRcLhw9'
Copying `/usr/lib/x86_64-linux-gnu/libicudata.so.72.1'  to `/home/nkb20/hpc_mpi/initial.er/archives/libicudata.so.72.1_dnWuQRcLhw9'
Copying `/usr/lib/x86_64-linux-gnu/libmd.so.0.0.5'  to `/home/nkb20/hpc_mpi/initial.er/archives/libmd.so.0.0.5_dnWuQRcLhw9'
Copying `/usr/lib/x86_64-linux-gnu/libXau.so.6.0.0'  to `/home/nkb20/hpc_mpi/initial.er/archives/libXau.so.6.0.0_dnWuQRcLhw9'
Copying `/usr/lib/x86_64-linux-gnu/libXext.so.6.4.0'  to `/home/nkb20/hpc_mpi/initial.er/archives/libXext.so.6.4.0_dnWuQRcLhw9'
Copying `/usr/lib/x86_64-linux-gnu/libX11.so.6.4.0'  to `/home/nkb20/hpc_mpi/initial.er/archives/libX11.so.6.4.0_dnWuQRcLhw9'
Copying `/usr/lib/x86_64-linux-gnu/libOpenCL.so.1.0.0'  to `/home/nkb20/hpc_mpi/initial.er/archives/libOpenCL.so.1.0.0_dnWuQRcLhw9'
Copying `/usr/lib/x86_64-linux-gnu/libgcc_s.so.1'  to `/home/nkb20/hpc_mpi/initial.er/archives/libgcc_s.so.1_dnWuQRcLhw9'
Copying `/usr/lib/x86_64-linux-gnu/liblzma.so.5.4.1'  to `/home/nkb20/hpc_mpi/initial.er/archives/liblzma.so.5.4.1_dnWuQRcLhw9'
Copying `/usr/lib/x86_64-linux-gnu/libicuuc.so.72.1'  to `/home/nkb20/hpc_mpi/initial.er/archives/libicuuc.so.72.1_dnWuQRcLhw9'
Copying `/usr/lib/x86_64-linux-gnu/libxml2.so.2.9.14'  to `/home/nkb20/hpc_mpi/initial.er/archives/libxml2.so.2.9.14_dnWuQRcLhw9'
Copying `/usr/lib/x86_64-linux-gnu/libXNVCtrl.so.0.0.0'  to `/home/nkb20/hpc_mpi/initial.er/archives/libXNVCtrl.so.0.0.0_dnWuQRcLhw9'
Copying `/usr/lib/x86_64-linux-gnu/hwloc/hwloc_gl.so'  to `/home/nkb20/hpc_mpi/initial.er/archives/hwloc_gl.so_IicRzkXVc9a'
Copying `/usr/lib/x86_64-linux-gnu/hwloc/hwloc_opencl.so'  to `/home/nkb20/hpc_mpi/initial.er/archives/hwloc_opencl.so_IicRzkXVc9a'
Copying `/usr/lib/x86_64-linux-gnu/libpciaccess.so.0.11.1'  to `/home/nkb20/hpc_mpi/initial.er/archives/libpciaccess.so.0.11.1_dnWuQRcLhw9'
Copying `/usr/lib/x86_64-linux-gnu/hwloc/hwloc_pci.so'  to `/home/nkb20/hpc_mpi/initial.er/archives/hwloc_pci.so_IicRzkXVc9a'
Copying `/usr/lib/x86_64-linux-gnu/openmpi/lib/openmpi3/mca_ess_hnp.so'  to `/home/nkb20/hpc_mpi/initial.er/archives/mca_ess_hnp.so_1fcNkoDIWK0'
Copying `/usr/lib/x86_64-linux-gnu/hwloc/hwloc_xml_libxml.so'  to `/home/nkb20/hpc_mpi/initial.er/archives/hwloc_xml_libxml.so_IicRzkXVc9a'
Copying `/usr/lib/x86_64-linux-gnu/openmpi/lib/openmpi3/mca_schizo_jsm.so'  to `/home/nkb20/hpc_mpi/initial.er/archives/mca_schizo_jsm.so_1fcNkoDIWK0'
Copying `/usr/lib/x86_64-linux-gnu/openmpi/lib/openmpi3/mca_schizo_ompi.so'  to `/home/nkb20/hpc_mpi/initial.er/archives/mca_schizo_ompi.so_1fcNkoDIWK0'
Copying `/usr/lib/x86_64-linux-gnu/openmpi/lib/openmpi3/mca_schizo_slurm.so'  to `/home/nkb20/hpc_mpi/initial.er/archives/mca_schizo_slurm.so_1fcNkoDIWK0'
Copying `/usr/lib/x86_64-linux-gnu/openmpi/lib/openmpi3/mca_schizo_orte.so'  to `/home/nkb20/hpc_mpi/initial.er/archives/mca_schizo_orte.so_1fcNkoDIWK0'
Copying `/usr/lib/x86_64-linux-gnu/openmpi/lib/openmpi3/mca_schizo_flux.so'  to `/home/nkb20/hpc_mpi/initial.er/archives/mca_schizo_flux.so_1fcNkoDIWK0'
Copying `/usr/lib/x86_64-linux-gnu/openmpi/lib/openmpi3/mca_state_orted.so'  to `/home/nkb20/hpc_mpi/initial.er/archives/mca_state_orted.so_1fcNkoDIWK0'
Copying `/usr/lib/x86_64-linux-gnu/openmpi/lib/openmpi3/mca_state_hnp.so'  to `/home/nkb20/hpc_mpi/initial.er/archives/mca_state_hnp.so_1fcNkoDIWK0'
Copying `/usr/lib/x86_64-linux-gnu/openmpi/lib/openmpi3/mca_state_tool.so'  to `/home/nkb20/hpc_mpi/initial.er/archives/mca_state_tool.so_1fcNkoDIWK0'
Copying `/usr/lib/x86_64-linux-gnu/openmpi/lib/openmpi3/mca_state_app.so'  to `/home/nkb20/hpc_mpi/initial.er/archives/mca_state_app.so_1fcNkoDIWK0'
Copying `/usr/lib/x86_64-linux-gnu/openmpi/lib/openmpi3/mca_state_novm.so'  to `/home/nkb20/hpc_mpi/initial.er/archives/mca_state_novm.so_1fcNkoDIWK0'
Copying `/usr/lib/x86_64-linux-gnu/openmpi/lib/openmpi3/mca_pstat_linux.so'  to `/home/nkb20/hpc_mpi/initial.er/archives/mca_pstat_linux.so_1fcNkoDIWK0'
Copying `/usr/lib/x86_64-linux-gnu/openmpi/lib/openmpi3/mca_plm_slurm.so'  to `/home/nkb20/hpc_mpi/initial.er/archives/mca_plm_slurm.so_1fcNkoDIWK0'
Copying `/usr/lib/x86_64-linux-gnu/openmpi/lib/openmpi3/mca_plm_isolated.so'  to `/home/nkb20/hpc_mpi/initial.er/archives/mca_plm_isolated.so_1fcNkoDIWK0'
Copying `/usr/lib/x86_64-linux-gnu/openmpi/lib/openmpi3/mca_plm_rsh.so'  to `/home/nkb20/hpc_mpi/initial.er/archives/mca_plm_rsh.so_1fcNkoDIWK0'
Copying `/usr/lib/x86_64-linux-gnu/openmpi/lib/openmpi3/mca_errmgr_default_app.so'  to `/home/nkb20/hpc_mpi/initial.er/archives/mca_errmgr_default_app.so_1fcNkoDIWK0'
Copying `/usr/lib/x86_64-linux-gnu/openmpi/lib/openmpi3/mca_errmgr_default_hnp.so'  to `/home/nkb20/hpc_mpi/initial.er/archives/mca_errmgr_default_hnp.so_1fcNkoDIWK0'
Copying `/usr/lib/x86_64-linux-gnu/openmpi/lib/openmpi3/mca_errmgr_default_tool.so'  to `/home/nkb20/hpc_mpi/initial.er/archives/mca_errmgr_default_tool.so_1fcNkoDIWK0'
Copying `/usr/lib/x86_64-linux-gnu/openmpi/lib/openmpi3/mca_errmgr_default_orted.so'  to `/home/nkb20/hpc_mpi/initial.er/archives/mca_errmgr_default_orted.so_1fcNkoDIWK0'
Copying `/usr/lib/x86_64-linux-gnu/pmix2/lib/libpmix.so.2.6.2'  to `/home/nkb20/hpc_mpi/initial.er/archives/libpmix.so.2.6.2_c7fl0BttU88'
Copying `/usr/lib/x86_64-linux-gnu/libmunge.so.2.0.0'  to `/home/nkb20/hpc_mpi/initial.er/archives/libmunge.so.2.0.0_dnWuQRcLhw9'
Copying `/usr/lib/x86_64-linux-gnu/openmpi/lib/openmpi3/mca_pmix_ext3x.so'  to `/home/nkb20/hpc_mpi/initial.er/archives/mca_pmix_ext3x.so_1fcNkoDIWK0'
Copying `/usr/lib/x86_64-linux-gnu/openmpi/lib/openmpi3/mca_pmix_flux.so'  to `/home/nkb20/hpc_mpi/initial.er/archives/mca_pmix_flux.so_1fcNkoDIWK0'
Copying `/usr/lib/x86_64-linux-gnu/openmpi/lib/openmpi3/mca_oob_tcp.so'  to `/home/nkb20/hpc_mpi/initial.er/archives/mca_oob_tcp.so_1fcNkoDIWK0'
Copying `/usr/lib/x86_64-linux-gnu/openmpi/lib/openmpi3/mca_grpcomm_direct.so'  to `/home/nkb20/hpc_mpi/initial.er/archives/mca_grpcomm_direct.so_1fcNkoDIWK0'
Copying `/usr/lib/x86_64-linux-gnu/openmpi/lib/openmpi3/mca_rml_oob.so'  to `/home/nkb20/hpc_mpi/initial.er/archives/mca_rml_oob.so_1fcNkoDIWK0'
Copying `/usr/lib/x86_64-linux-gnu/openmpi/lib/openmpi3/mca_routed_binomial.so'  to `/home/nkb20/hpc_mpi/initial.er/archives/mca_routed_binomial.so_1fcNkoDIWK0'
Copying `/usr/lib/x86_64-linux-gnu/openmpi/lib/openmpi3/mca_routed_radix.so'  to `/home/nkb20/hpc_mpi/initial.er/archives/mca_routed_radix.so_1fcNkoDIWK0'
Copying `/usr/lib/x86_64-linux-gnu/openmpi/lib/openmpi3/mca_routed_direct.so'  to `/home/nkb20/hpc_mpi/initial.er/archives/mca_routed_direct.so_1fcNkoDIWK0'
Copying `/usr/lib/x86_64-linux-gnu/pmix2/lib/pmix/pmix_mca_prm_slurm.so'  to `/home/nkb20/hpc_mpi/initial.er/archives/pmix_mca_prm_slurm.so_dU1net7nSj5'
Copying `/usr/lib/x86_64-linux-gnu/pmix2/lib/pmix/pmix_mca_prm_default.so'  to `/home/nkb20/hpc_mpi/initial.er/archives/pmix_mca_prm_default.so_dU1net7nSj5'
Copying `/usr/lib/x86_64-linux-gnu/pmix2/lib/pmix/pmix_mca_pcompress_zlib.so'  to `/home/nkb20/hpc_mpi/initial.er/archives/pmix_mca_pcompress_zlib.so_dU1net7nSj5'
Copying `/usr/lib/x86_64-linux-gnu/openmpi/lib/openmpi3/mca_ras_simulator.so'  to `/home/nkb20/hpc_mpi/initial.er/archives/mca_ras_simulator.so_1fcNkoDIWK0'
Copying `/usr/lib/x86_64-linux-gnu/openmpi/lib/openmpi3/mca_ras_gridengine.so'  to `/home/nkb20/hpc_mpi/initial.er/archives/mca_ras_gridengine.so_1fcNkoDIWK0'
Copying `/usr/lib/x86_64-linux-gnu/openmpi/lib/openmpi3/mca_ras_slurm.so'  to `/home/nkb20/hpc_mpi/initial.er/archives/mca_ras_slurm.so_1fcNkoDIWK0'
Copying `/usr/lib/x86_64-linux-gnu/openmpi/lib/openmpi3/mca_regx_reverse.so'  to `/home/nkb20/hpc_mpi/initial.er/archives/mca_regx_reverse.so_1fcNkoDIWK0'
Copying `/usr/lib/x86_64-linux-gnu/openmpi/lib/openmpi3/mca_regx_fwd.so'  to `/home/nkb20/hpc_mpi/initial.er/archives/mca_regx_fwd.so_1fcNkoDIWK0'
Copying `/usr/lib/x86_64-linux-gnu/openmpi/lib/openmpi3/mca_rmaps_ppr.so'  to `/home/nkb20/hpc_mpi/initial.er/archives/mca_rmaps_ppr.so_1fcNkoDIWK0'
Copying `/usr/lib/x86_64-linux-gnu/openmpi/lib/openmpi3/mca_rmaps_round_robin.so'  to `/home/nkb20/hpc_mpi/initial.er/archives/mca_rmaps_round_robin.so_1fcNkoDIWK0'
Copying `/usr/lib/x86_64-linux-gnu/openmpi/lib/openmpi3/mca_rmaps_resilient.so'  to `/home/nkb20/hpc_mpi/initial.er/archives/mca_rmaps_resilient.so_1fcNkoDIWK0'
Copying `/usr/lib/x86_64-linux-gnu/openmpi/lib/openmpi3/mca_rmaps_rank_file.so'  to `/home/nkb20/hpc_mpi/initial.er/archives/mca_rmaps_rank_file.so_1fcNkoDIWK0'
Copying `/usr/lib/x86_64-linux-gnu/openmpi/lib/openmpi3/mca_regx_naive.so'  to `/home/nkb20/hpc_mpi/initial.er/archives/mca_regx_naive.so_1fcNkoDIWK0'
Copying `/usr/lib/x86_64-linux-gnu/openmpi/lib/openmpi3/mca_rmaps_seq.so'  to `/home/nkb20/hpc_mpi/initial.er/archives/mca_rmaps_seq.so_1fcNkoDIWK0'
Copying `/usr/lib/x86_64-linux-gnu/openmpi/lib/openmpi3/mca_rmaps_mindist.so'  to `/home/nkb20/hpc_mpi/initial.er/archives/mca_rmaps_mindist.so_1fcNkoDIWK0'
Copying `/usr/lib/x86_64-linux-gnu/openmpi/lib/openmpi3/mca_odls_pspawn.so'  to `/home/nkb20/hpc_mpi/initial.er/archives/mca_odls_pspawn.so_1fcNkoDIWK0'
Copying `/usr/lib/x86_64-linux-gnu/openmpi/lib/openmpi3/mca_odls_default.so'  to `/home/nkb20/hpc_mpi/initial.er/archives/mca_odls_default.so_1fcNkoDIWK0'
Copying `/usr/lib/x86_64-linux-gnu/openmpi/lib/openmpi3/mca_iof_orted.so'  to `/home/nkb20/hpc_mpi/initial.er/archives/mca_iof_orted.so_1fcNkoDIWK0'
Copying `/usr/lib/x86_64-linux-gnu/openmpi/lib/openmpi3/mca_iof_hnp.so'  to `/home/nkb20/hpc_mpi/initial.er/archives/mca_iof_hnp.so_1fcNkoDIWK0'
Copying `/usr/lib/x86_64-linux-gnu/openmpi/lib/openmpi3/mca_rtc_hwloc.so'  to `/home/nkb20/hpc_mpi/initial.er/archives/mca_rtc_hwloc.so_1fcNkoDIWK0'
Copying `/usr/lib/x86_64-linux-gnu/openmpi/lib/openmpi3/mca_iof_tool.so'  to `/home/nkb20/hpc_mpi/initial.er/archives/mca_iof_tool.so_1fcNkoDIWK0'
Copying `/usr/lib/x86_64-linux-gnu/openmpi/lib/openmpi3/mca_filem_raw.so'  to `/home/nkb20/hpc_mpi/initial.er/archives/mca_filem_raw.so_1fcNkoDIWK0'
